<?xml version="1.0" encoding="UTF-8"?>
<!-- Generated by org.testng.reporters.JUnitReportReporter -->
<testsuite hostname="EPINHYDW058B" failures="0" tests="1" name="Sample.TestNG_Calculations" time="0.016" errors="0" timestamp="2023-10-29T15:55:44 IST" skipped="0">
  <testcase classname="Sample.TestNG_Calculations" name="testAddition" time="0.016"/>
</testsuite> <!-- Sample.TestNG_Calculations -->
